<?xml version="1.0" encoding="UTF-8" ?>
<testsuite 
errors="0" failures="0" hostname="CL-DinushaV" name="org.scalatest.junit.JUnitWrapperSuite" tests="0" time="0.066" timestamp="2019-10-22T13:50:21">
  <properties>
    <property name="java.runtime.name" value="Java(TM) SE Runtime Environment">
    </property>
    <property 
    name="sun.boot.library.path" value="C:\Program Files (x86)\Java\jdk1.8.0_201\jre\bin">
</property>
    <property name="java.vm.version" value="25.201-b09"/>
    <property name="java.vm.vendor" value="Oracle Corporation"/>
    <property name="java.vendor.url" value="http://java.oracle.com/"/>
    <property name="path.separator" value=";"/>
    <property name="java.vm.name" value="Java HotSpot(TM) Client VM"/>
    <property name="file.encoding.pkg" value="sun.io"/>
    <property name="user.script" value=""/>
    <property name="user.country" value="US"/>
    <property name="sun.java.launcher" value="SUN_STANDARD"/>
    <property name="sun.os.patch.level" value=""/>
    <property 
    name="java.vm.specification.name" value="Java Virtual Machine Specification">
</property>
    <property 
    name="user.dir" value="D:\Educational\GitHub\ScalaMvn\PagAssignment">
</property>
    <property name="java.runtime.version" value="1.8.0_201-b09"/>
    <property 
    name="java.awt.graphicsenv" value="sun.awt.Win32GraphicsEnvironment">
</property>
    <property 
    name="basedir" value="D:\Educational\GitHub\ScalaMvn\PagAssignment">
</property>
    <property 
    name="java.endorsed.dirs" value="C:\Program Files (x86)\Java\jdk1.8.0_201\jre\lib\endorsed">
</property>
    <property name="os.arch" value="x86"/>
    <property 
    name="java.io.tmpdir" value="C:\Users\dinusha.v\AppData\Local\Temp\">
</property>
    <property name="line.separator" value=" "/>
    <property name="java.vm.specification.vendor" value="Oracle Corporation"/>
    <property name="user.variant" value=""/>
    <property name="os.name" value="Windows 10"/>
    <property name="sun.jnu.encoding" value="Cp1252"/>
    <property 
    name="java.library.path" value="C:\Program Files (x86)\Java\jdk1.8.0_201\bin;C:\Windows\Sun\Java\bin;C:\Windows\system32;C:\Windows;C:\Program Files (x86)\Common Files\Oracle\Java\javapath;C:\Windows\system32;C:\Windows;C:\Windows\System32\Wbem;C:\Windows\System32\WindowsPowerShell\v1.0\;C:\Windows\System32\OpenSSH\;C:\PostgreSQL\pg96\bin;C:\Apache\Maven\bin;C:\Program Files\Git\cmd;C:\Program Files (x86)\Git\cmd;C:\Program Files (x86)\GitExtensions\;%APPDATA%\npm;C:\Program Files\nodejs\;C:\Program Files (x86)\Intel\Intel(R) Management Engine Components\DAL;C:\Program Files\Intel\Intel(R) Management Engine Components\DAL;C:\Program Files\Intel\WiFi\bin\;C:\Program Files\Common Files\Intel\WirelessCommon\;C:\Program Files (x86)\sbt\bin;C:\Users\dinusha.v\AppData\Local\Microsoft\WindowsApps;C:\Users\dinusha.v\AppData\Local\Programs\Microsoft VS Code\bin;C:\Users\dinusha.v\AppData\Roaming\npm;.">
</property>
    <property 
    name="java.specification.name" value="Java Platform API Specification">
</property>
    <property name="java.class.version" value="52.0"/>
    <property name="sun.management.compiler" value="HotSpot Client Compiler"/>
    <property name="os.version" value="10.0"/>
    <property name="user.home" value="C:\Users\dinusha.v"/>
    <property name="user.timezone" value=""/>
    <property name="java.awt.printerjob" value="sun.awt.windows.WPrinterJob"/>
    <property name="file.encoding" value="Cp1252"/>
    <property name="java.specification.version" value="1.8"/>
    <property name="user.name" value="Dinusha.V"/>
    <property 
    name="java.class.path" value="D:\Educational\GitHub\ScalaMvn\PagAssignment\target\test-classes;D:\Educational\GitHub\ScalaMvn\PagAssignment\target\classes;C:\Users\dinusha.v\.m2\repository\org\scala-lang\scala-library\2.12.6\scala-library-2.12.6.jar;C:\Users\dinusha.v\.m2\repository\junit\junit\4.12\junit-4.12.jar;C:\Users\dinusha.v\.m2\repository\org\hamcrest\hamcrest-core\1.3\hamcrest-core-1.3.jar;C:\Users\dinusha.v\.m2\repository\org\scalatest\scalatest_2.12\3.0.5\scalatest_2.12-3.0.5.jar;C:\Users\dinusha.v\.m2\repository\org\scalactic\scalactic_2.12\3.0.5\scalactic_2.12-3.0.5.jar;C:\Users\dinusha.v\.m2\repository\org\scala-lang\scala-reflect\2.12.4\scala-reflect-2.12.4.jar;C:\Users\dinusha.v\.m2\repository\org\scala-lang\modules\scala-xml_2.12\1.0.6\scala-xml_2.12-1.0.6.jar;C:\Users\dinusha.v\.m2\repository\org\specs2\specs2-core_2.12\4.2.0\specs2-core_2.12-4.2.0.jar;C:\Users\dinusha.v\.m2\repository\org\specs2\specs2-matcher_2.12\4.2.0\specs2-matcher_2.12-4.2.0.jar;C:\Users\dinusha.v\.m2\repository\org\specs2\specs2-common_2.12\4.2.0\specs2-common_2.12-4.2.0.jar;C:\Users\dinusha.v\.m2\repository\org\specs2\specs2-fp_2.12\4.2.0\specs2-fp_2.12-4.2.0.jar;C:\Users\dinusha.v\.m2\repository\org\scala-lang\modules\scala-parser-combinators_2.12\1.1.0\scala-parser-combinators_2.12-1.1.0.jar;C:\Users\dinusha.v\.m2\repository\org\scala-sbt\test-interface\1.0\test-interface-1.0.jar;C:\Users\dinusha.v\.m2\repository\org\specs2\specs2-junit_2.12\4.2.0\specs2-junit_2.12-4.2.0.jar;C:\Users\dinusha.v\.m2\repository\org\json\json\20140107\json-20140107.jar;C:\Users\dinusha.v\.m2\repository\com\fasterxml\jackson\core\jackson-databind\2.9.8\jackson-databind-2.9.8.jar;C:\Users\dinusha.v\.m2\repository\com\fasterxml\jackson\core\jackson-annotations\2.9.0\jackson-annotations-2.9.0.jar;C:\Users\dinusha.v\.m2\repository\com\fasterxml\jackson\core\jackson-core\2.9.8\jackson-core-2.9.8.jar;C:\Users\dinusha.v\.m2\repository\com\google\code\gson\gson\2.8.6\gson-2.8.6.jar;C:\Users\dinusha.v\.m2\repository\com\h2database\h2\1.4.200\h2-1.4.200.jar;C:\Users\dinusha.v\.m2\repository\com\typesafe\slick\slick_2.10\3.0.0\slick_2.10-3.0.0.jar;C:\Users\dinusha.v\.m2\repository\org\slf4j\slf4j-api\1.6.4\slf4j-api-1.6.4.jar;C:\Users\dinusha.v\.m2\repository\com\typesafe\config\1.2.1\config-1.2.1.jar;C:\Users\dinusha.v\.m2\repository\org\reactivestreams\reactive-streams\1.0.0\reactive-streams-1.0.0.jar;C:\Users\dinusha.v\.m2\repository\org\slf4j\slf4j-nop\1.6.4\slf4j-nop-1.6.4.jar;C:\Users\dinusha.v\.m2\repository\org\postgresql\postgresql\9.4-1201-jdbc41\postgresql-9.4-1201-jdbc41.jar;C:\Users\dinusha.v\.m2\repository\net\liftweb\lift-json_2.12\3.3.0\lift-json_2.12-3.3.0.jar;C:\Users\dinusha.v\.m2\repository\org\scala-lang\scalap\2.12.6\scalap-2.12.6.jar;C:\Users\dinusha.v\.m2\repository\org\scala-lang\scala-compiler\2.12.6\scala-compiler-2.12.6.jar;C:\Users\dinusha.v\.m2\repository\com\thoughtworks\paranamer\paranamer\2.8\paranamer-2.8.jar;C:\Users\dinusha.v\.m2\repository\com\typesafe\play\play-json_2.10\2.4.0-M1\play-json_2.10-2.4.0-M1.jar;C:\Users\dinusha.v\.m2\repository\com\typesafe\play\play-iteratees_2.10\2.4.0-M1\play-iteratees_2.10-2.4.0-M1.jar;C:\Users\dinusha.v\.m2\repository\org\scala-stm\scala-stm_2.10\0.7\scala-stm_2.10-0.7.jar;C:\Users\dinusha.v\.m2\repository\com\typesafe\play\play-functional_2.10\2.4.0-M1\play-functional_2.10-2.4.0-M1.jar;C:\Users\dinusha.v\.m2\repository\com\typesafe\play\play-datacommons_2.10\2.4.0-M1\play-datacommons_2.10-2.4.0-M1.jar;C:\Users\dinusha.v\.m2\repository\joda-time\joda-time\2.3\joda-time-2.3.jar;C:\Users\dinusha.v\.m2\repository\org\joda\joda-convert\1.6\joda-convert-1.6.jar">
</property>
    <property name="java.vm.specification.version" value="1.8"/>
    <property name="sun.arch.data.model" value="32"/>
    <property 
    name="java.home" value="C:\Program Files (x86)\Java\jdk1.8.0_201\jre">
</property>
    <property 
    name="sun.java.command" value="org.scalatest.tools.Runner -R D:\Educational\GitHub\ScalaMvn\PagAssignment\target\classes D:\Educational\GitHub\ScalaMvn\PagAssignment\target\test-classes -j samples.AppTest -o -f D:\Educational\GitHub\ScalaMvn\PagAssignment\target\surefire-reports\TestSuiteReport.txt -u D:\Educational\GitHub\ScalaMvn\PagAssignment\target\surefire-reports\.">
</property>
    <property name="java.specification.vendor" value="Oracle Corporation"/>
    <property name="user.language" value="en"/>
    <property name="awt.toolkit" value="sun.awt.windows.WToolkit"/>
    <property name="java.vm.info" value="mixed mode"/>
    <property name="java.version" value="1.8.0_201"/>
    <property 
    name="java.ext.dirs" value="C:\Program Files (x86)\Java\jdk1.8.0_201\jre\lib\ext;C:\Windows\Sun\Java\lib\ext">
</property>
    <property 
    name="sun.boot.class.path" value="C:\Program Files (x86)\Java\jdk1.8.0_201\jre\lib\resources.jar;C:\Program Files (x86)\Java\jdk1.8.0_201\jre\lib\rt.jar;C:\Program Files (x86)\Java\jdk1.8.0_201\jre\lib\sunrsasign.jar;C:\Program Files (x86)\Java\jdk1.8.0_201\jre\lib\jsse.jar;C:\Program Files (x86)\Java\jdk1.8.0_201\jre\lib\jce.jar;C:\Program Files (x86)\Java\jdk1.8.0_201\jre\lib\charsets.jar;C:\Program Files (x86)\Java\jdk1.8.0_201\jre\lib\jfr.jar;C:\Program Files (x86)\Java\jdk1.8.0_201\jre\classes">
</property>
    <property name="java.vendor" value="Oracle Corporation"/>
    <property name="file.separator" value="\"/>
    <property 
    name="java.vendor.url.bug" value="http://bugreport.sun.com/bugreport/">
</property>
    <property name="sun.cpu.endian" value="little"/>
    <property name="sun.io.unicode.encoding" value="UnicodeLittle"/>
    <property name="sun.desktop" value="windows"/>
    <property 
    name="sun.cpu.isalist" value="pentium_pro+mmx pentium_pro pentium+mmx pentium i486 i386 i86">
</property>
  </properties>
  <system-out><![CDATA[]]></system-out>
  <system-err><![CDATA[]]></system-err>
</testsuite>
